u3d_ar/build/outputs/logs/manifest-merger-debug-report.txt
-- Merging decision tree log ---
manifest
ADDED from src\main\AndroidManifest.xml:2:1-88:12
INJECTED from src\main\AndroidManifest.xml:2:1-88:12
INJECTED from src\main\AndroidManifest.xml:2:1-88:12
INJECTED from src\main\AndroidManifest.xml:2:1-88:12
INJECTED from src\main\AndroidManifest.xml:2:1-88:12
INJECTED from src\main\AndroidManifest.xml:2:1-88:12
INJECTED from src\main\AndroidManifest.xml:2:1-88:12
	package
		ADDED from src\main\AndroidManifest.xml:4:5-32
		INJECTED from src\main\AndroidManifest.xml
		INJECTED from src\main\AndroidManifest.xml
	android:versionName
		ADDED from src\main\AndroidManifest.xml:7:5-30
		INJECTED from src\main\AndroidManifest.xml
		INJECTED from src\main\AndroidManifest.xml
	xmlns:tools
		ADDED from src\main\AndroidManifest.xml:3:5-51
	xmlns:android
		ADDED from src\main\AndroidManifest.xml:2:11-69
	android:versionCode
		ADDED from src\main\AndroidManifest.xml:6:5-28
		INJECTED from src\main\AndroidManifest.xml
		INJECTED from src\main\AndroidManifest.xml
	android:installLocation
		ADDED from src\main\AndroidManifest.xml:5:5-45
supports-screens
ADDED from src\main\AndroidManifest.xml:9:5-14:40
	android:largeScreens
		ADDED from src\main\AndroidManifest.xml:11:9-36
	android:smallScreens
		ADDED from src\main\AndroidManifest.xml:13:9-36
	android:normalScreens
		ADDED from src\main\AndroidManifest.xml:12:9-37
	android:xlargeScreens
		ADDED from src\main\AndroidManifest.xml:14:9-37
	android:anyDensity
		ADDED from src\main\AndroidManifest.xml:10:9-34
application
ADDED from src\main\AndroidManifest.xml:15:5-48:19
	android:allowBackup
		ADDED from src\main\AndroidManifest.xml:17:9-36
	tools:replace
		ADDED from src\main\AndroidManifest.xml:18:9-44
	android:isGame
		ADDED from src\main\AndroidManifest.xml:16:9-30
activity#cn.com.yomo.unity.UnityPlayerActivity
ADDED from src\main\AndroidManifest.xml:19:9-27:20
	android:screenOrientation
		ADDED from src\main\AndroidManifest.xml:23:13-49
	android:launchMode
		ADDED from src\main\AndroidManifest.xml:22:13-44
	android:configChanges
		ADDED from src\main\AndroidManifest.xml:21:13-194
	android:name
		ADDED from src\main\AndroidManifest.xml:20:13-65
meta-data#unityplayer.UnityActivity
ADDED from src\main\AndroidManifest.xml:24:13-26:40
	android:value
		ADDED from src\main\AndroidManifest.xml:26:17-37
	android:name
		ADDED from src\main\AndroidManifest.xml:25:17-57
activity#cn.com.yomo.unity.DestroyUnityPlayerActivity
ADDED from src\main\AndroidManifest.xml:30:9-34:20
	android:process
		ADDED from src\main\AndroidManifest.xml:31:13-44
	android:name
		ADDED from src\main\AndroidManifest.xml:30:19-61
meta-data#unity.build-id
ADDED from src\main\AndroidManifest.xml:36:9-38:68
	android:value
		ADDED from src\main\AndroidManifest.xml:38:13-65
	android:name
		ADDED from src\main\AndroidManifest.xml:37:13-42
meta-data#unity.splash-mode
ADDED from src\main\AndroidManifest.xml:39:9-41:33
	android:value
		ADDED from src\main\AndroidManifest.xml:41:13-30
	android:name
		ADDED from src\main\AndroidManifest.xml:40:13-45
meta-data#unity.splash-enable
ADDED from src\main\AndroidManifest.xml:42:9-44:36
	android:value
		ADDED from src\main\AndroidManifest.xml:44:13-33
	android:name
		ADDED from src\main\AndroidManifest.xml:43:13-47
meta-data#android.max_aspect
ADDED from src\main\AndroidManifest.xml:45:9-47:35
	android:value
		ADDED from src\main\AndroidManifest.xml:47:13-32
	android:name
		ADDED from src\main\AndroidManifest.xml:46:13-46
uses-sdk
ADDED from src\main\AndroidManifest.xml:49:5-51:41
INJECTED from src\main\AndroidManifest.xml:49:5-51:41
INJECTED from src\main\AndroidManifest.xml:49:5-51:41
INJECTED from src\main\AndroidManifest.xml:49:5-51:41
INJECTED from src\main\AndroidManifest.xml:49:5-51:41
	android:targetSdkVersion
		ADDED from src\main\AndroidManifest.xml:51:9-38
		INJECTED from src\main\AndroidManifest.xml
		INJECTED from src\main\AndroidManifest.xml
	android:minSdkVersion
		ADDED from src\main\AndroidManifest.xml:50:9-35
		INJECTED from src\main\AndroidManifest.xml
		INJECTED from src\main\AndroidManifest.xml
uses-feature#0x00020000
ADDED from src\main\AndroidManifest.xml:53:5-54
	android:glEsVersion
		ADDED from src\main\AndroidManifest.xml:53:19-51
uses-feature#android.hardware.vulkan
ADDED from src\main\AndroidManifest.xml:54:5-56:36
	android:required
		ADDED from src\main\AndroidManifest.xml:56:9-33
	android:name
		ADDED from src\main\AndroidManifest.xml:55:9-47
uses-permission#android.permission.INTERNET
ADDED from src\main\AndroidManifest.xml:58:5-67
	android:name
		ADDED from src\main\AndroidManifest.xml:58:22-64
uses-permission#android.permission.ACCESS_NETWORK_STATE
ADDED from src\main\AndroidManifest.xml:59:5-79
	android:name
		ADDED from src\main\AndroidManifest.xml:59:22-76
uses-permission#android.permission.CAMERA
ADDED from src\main\AndroidManifest.xml:60:5-65
	android:name
		ADDED from src\main\AndroidManifest.xml:60:22-62
uses-feature#android.hardware.camera
ADDED from src\main\AndroidManifest.xml:62:5-64:36
	android:required
		ADDED from src\main\AndroidManifest.xml:64:9-33
	android:name
		ADDED from src\main\AndroidManifest.xml:63:9-47
uses-feature#android.hardware.camera.autofocus
ADDED from src\main\AndroidManifest.xml:65:5-67:36
	android:required
		ADDED from src\main\AndroidManifest.xml:67:9-33
	android:name
		ADDED from src\main\AndroidManifest.xml:66:9-57
uses-feature#android.hardware.camera.front
ADDED from src\main\AndroidManifest.xml:68:5-70:36
	android:required
		ADDED from src\main\AndroidManifest.xml:70:9-33
	android:name
		ADDED from src\main\AndroidManifest.xml:69:9-53
uses-permission#android.permission.WRITE_EXTERNAL_STORAGE
ADDED from src\main\AndroidManifest.xml:72:5-74:11
	android:name
		ADDED from src\main\AndroidManifest.xml:73:9-65
uses-permission#android.permission.READ_EXTERNAL_STORAGE
ADDED from src\main\AndroidManifest.xml:75:5-77:11
	android:name
		ADDED from src\main\AndroidManifest.xml:76:9-64
uses-feature#android.hardware.touchscreen
ADDED from src\main\AndroidManifest.xml:79:5-81:36
	android:required
		ADDED from src\main\AndroidManifest.xml:81:9-33
	android:name
		ADDED from src\main\AndroidManifest.xml:80:9-52
uses-feature#android.hardware.touchscreen.multitouch
ADDED from src\main\AndroidManifest.xml:82:5-84:36
	android:required
		ADDED from src\main\AndroidManifest.xml:84:9-33
	android:name
		ADDED from src\main\AndroidManifest.xml:83:9-63
uses-feature#android.hardware.touchscreen.multitouch.distinct
ADDED from src\main\AndroidManifest.xml:85:5-87:36
	android:required
		ADDED from src\main\AndroidManifest.xml:87:9-33
	android:name
		ADDED from src\main\AndroidManifest.xml:86:9-72